Command line invocation:
    /Applications/Xcode.app/Contents/Developer/usr/bin/xcodebuild -scheme iOS_Registry_System build CODE_SIGN_IDENTITY= CODE_SIGNING_REQUIRED=NO CODE_SIGNING_ALLOWED=NO

Build settings from command line:
    CODE_SIGN_IDENTITY = 
    CODE_SIGNING_ALLOWED = NO
    CODE_SIGNING_REQUIRED = NO

Resolve Package Graph


Resolved source packages:
  swift-clocks: https://github.com/pointfreeco/swift-clocks @ 1.0.6
  xctest-dynamic-overlay: https://github.com/pointfreeco/xctest-dynamic-overlay @ 1.9.0
  swift-http-types: https://github.com/apple/swift-http-types.git @ 1.5.1
  swift-concurrency-extras: https://github.com/pointfreeco/swift-concurrency-extras @ 1.3.2
  Supabase: https://github.com/supabase/supabase-swift.git @ 2.46.0
  swift-asn1: https://github.com/apple/swift-asn1.git @ 1.7.0
  swift-crypto: https://github.com/apple/swift-crypto.git @ 4.5.0

2026-05-17 14:15:01.752 xcodebuild[94758:5803065] [MT] IDERunDestination: Supported platforms for the buildables in the current scheme is empty.
--- xcodebuild: WARNING: Using the first of multiple matching destinations:
{ platform:macOS, arch:arm64, variant:Designed for [iPad,iPhone], id:00008132-0001608C1E03001C, name:My Mac }
{ platform:iOS, id:dvtdevice-DVTiPhonePlaceholder-iphoneos:placeholder, name:Any iOS Device }
{ platform:iOS Simulator, id:dvtdevice-DVTiOSDeviceSimulatorPlaceholder-iphonesimulator:placeholder, name:Any iOS Simulator Device }
{ platform:iOS Simulator, arch:arm64, id:7CA3440A-09E0-497D-A744-C66FBE6CA316, OS:26.0, name:iPad (A16) }
{ platform:iOS Simulator, arch:arm64, id:792A4B63-81E9-4B92-92D9-636EA5A1969D, OS:26.1, name:iPad (A16) }
{ platform:iOS Simulator, arch:arm64, id:50AF3CCB-D322-4E76-BC87-CEAEF67D46B7, OS:26.2, name:iPad (A16) }
{ platform:iOS Simulator, arch:arm64, id:4E60FCB2-20D8-4D7C-B08C-F30C51154268, OS:26.0, name:iPad Air 11-inch (M3) }
{ platform:iOS Simulator, arch:arm64, id:3E547C8D-7E6F-4D31-81BF-E5768F87732A, OS:26.1, name:iPad Air 11-inch (M3) }
{ platform:iOS Simulator, arch:arm64, id:241ABE3F-D06A-4FCB-BBCD-61B65831D035, OS:26.2, name:iPad Air 11-inch (M3) }
{ platform:iOS Simulator, arch:arm64, id:90293D34-BAEC-4C15-838D-E0BB3596EF8A, OS:26.0, name:iPad Air 13-inch (M3) }
{ platform:iOS Simulator, arch:arm64, id:103E5656-17F0-4C62-85B0-9B285DC4F31E, OS:26.1, name:iPad Air 13-inch (M3) }
{ platform:iOS Simulator, arch:arm64, id:9068823A-DB2F-417B-9C5B-CA59A1F2014B, OS:26.2, name:iPad Air 13-inch (M3) }
{ platform:iOS Simulator, arch:arm64, id:76EA5E4D-EE51-494F-8FAB-70EAAD4A9C0A, OS:26.0, name:iPad Pro 11-inch (M4) }
{ platform:iOS Simulator, arch:arm64, id:E163AF37-31D6-424A-8E0F-A5D43E9F307B, OS:26.0, name:iPad Pro 11-inch (M5) }
{ platform:iOS Simulator, arch:arm64, id:26033283-F114-45A7-B69C-014C87AA71C4, OS:26.1, name:iPad Pro 11-inch (M5) }
{ platform:iOS Simulator, arch:arm64, id:CBF6D036-4B8F-4000-B91D-A9D469F15842, OS:26.2, name:iPad Pro 11-inch (M5) }
{ platform:iOS Simulator, arch:arm64, id:F1E36EB3-269A-4D22-9ABD-6FABE6984964, OS:26.0, name:iPad Pro 13-inch (M4) }
{ platform:iOS Simulator, arch:arm64, id:8A914A97-D92F-4A13-921D-D52F36BD1AEE, OS:26.0, name:iPad Pro 13-inch (M5) }
{ platform:iOS Simulator, arch:arm64, id:2A654E12-DF5E-4E76-91FA-A3D433A286FF, OS:26.1, name:iPad Pro 13-inch (M5) }
{ platform:iOS Simulator, arch:arm64, id:E0AA3323-1571-4881-ABA4-92E5B91E262F, OS:26.2, name:iPad Pro 13-inch (M5) }
{ platform:iOS Simulator, arch:arm64, id:8A3D1FBA-9D0F-42AC-B828-00C5D5E5C415, OS:26.0, name:iPad mini (A17 Pro) }
{ platform:iOS Simulator, arch:arm64, id:9FFE7980-69C0-4A58-BA3D-EB7E24F568A2, OS:26.1, name:iPad mini (A17 Pro) }
{ platform:iOS Simulator, arch:arm64, id:09E8EE4F-8D99-4176-9A5B-DE73233684C8, OS:26.2, name:iPad mini (A17 Pro) }
{ platform:iOS Simulator, arch:arm64, id:3FEBFCF3-2838-4F37-A63F-E94B88B98EC3, OS:26.0, name:iPhone 16e }
{ platform:iOS Simulator, arch:arm64, id:CE67B7FD-C6FD-4175-A4D3-500AE21059B6, OS:26.1, name:iPhone 16e }
{ platform:iOS Simulator, arch:arm64, id:2C52B4F7-83A5-4C4F-9639-69E64DA00B4C, OS:26.2, name:iPhone 16e }
{ platform:iOS Simulator, arch:arm64, id:84DDC52D-878F-4A3D-AC19-CDAE4B2CEC18, OS:26.0, name:iPhone 17 }
{ platform:iOS Simulator, arch:arm64, id:BDB1A20E-9096-44F7-AD59-335A5942FFD1, OS:26.1, name:iPhone 17 }
{ platform:iOS Simulator, arch:arm64, id:9B495343-F97B-4D28-97D9-16DAA321B1E1, OS:26.2, name:iPhone 17 }
{ platform:iOS Simulator, arch:arm64, id:EF0143CE-4E4D-4776-B20D-25314767CE03, OS:26.0, name:iPhone 17 Pro }
{ platform:iOS Simulator, arch:arm64, id:F494D95C-57CB-4A6A-9B3D-06AC25E20B70, OS:26.1, name:iPhone 17 Pro }
{ platform:iOS Simulator, arch:arm64, id:BBABE936-C32C-41FB-94AC-5B7AA8132562, OS:26.2, name:iPhone 17 Pro }
{ platform:iOS Simulator, arch:arm64, id:9EB84724-A923-4934-AEED-EF4C22DF5BE9, OS:26.0, name:iPhone 17 Pro Max }
{ platform:iOS Simulator, arch:arm64, id:A5099EF5-643F-418C-9A2C-F5D6EE404097, OS:26.1, name:iPhone 17 Pro Max }
{ platform:iOS Simulator, arch:arm64, id:9145E96E-B445-4910-A4D6-E4DD3D1A6ABD, OS:26.2, name:iPhone 17 Pro Max }
{ platform:iOS Simulator, arch:arm64, id:E586B78C-1B59-4DE2-A044-F9C0C82B6A1E, OS:26.0, name:iPhone Air }
{ platform:iOS Simulator, arch:arm64, id:7D4443F7-0A8E-41B5-931B-7549DB373778, OS:26.1, name:iPhone Air }
{ platform:iOS Simulator, arch:arm64, id:8BF6A5B0-59D5-457F-8B11-B115B911F653, OS:26.2, name:iPhone Air }
note: Using codesigning identity override: 
ComputePackagePrebuildTargetDependencyGraph

Prepare packages

CreateBuildRequest

SendProjectDescription

CreateBuildOperation

ComputeTargetDependencyGraph
note: Building targets in dependency order
note: Target dependency graph (23 targets)
    Target 'iOS_Registry_System' in project 'iOS_Registry_System'
        ➜ Explicit dependency on target 'Supabase' in project 'Supabase'
    Target 'Supabase' in project 'Supabase'
        ➜ Explicit dependency on target 'Supabase' in project 'Supabase'
        ➜ Explicit dependency on target 'Helpers' in project 'Supabase'
        ➜ Explicit dependency on target 'Auth' in project 'Supabase'
        ➜ Explicit dependency on target 'Functions' in project 'Supabase'
        ➜ Explicit dependency on target 'PostgREST' in project 'Supabase'
        ➜ Explicit dependency on target 'Realtime' in project 'Supabase'
        ➜ Explicit dependency on target 'Storage' in project 'Supabase'
        ➜ Explicit dependency on target 'ConcurrencyExtras' in project 'swift-concurrency-extras'
        ➜ Explicit dependency on target 'HTTPTypes' in project 'swift-http-types'
        ➜ Explicit dependency on target 'Clocks' in project 'swift-clocks'
        ➜ Explicit dependency on target 'XCTestDynamicOverlay' in project 'xctest-dynamic-overlay'
        ➜ Explicit dependency on target 'Crypto' in project 'swift-crypto'
        ➜ Explicit dependency on target 'IssueReporting' in project 'xctest-dynamic-overlay'
    Target 'Supabase' in project 'Supabase'
        ➜ Explicit dependency on target 'Helpers' in project 'Supabase'
        ➜ Explicit dependency on target 'Auth' in project 'Supabase'
        ➜ Explicit dependency on target 'Functions' in project 'Supabase'
        ➜ Explicit dependency on target 'PostgREST' in project 'Supabase'
        ➜ Explicit dependency on target 'Realtime' in project 'Supabase'
        ➜ Explicit dependency on target 'Storage' in project 'Supabase'
        ➜ Explicit dependency on target 'ConcurrencyExtras' in project 'swift-concurrency-extras'
        ➜ Explicit dependency on target 'HTTPTypes' in project 'swift-http-types'
        ➜ Explicit dependency on target 'Clocks' in project 'swift-clocks'
        ➜ Explicit dependency on target 'XCTestDynamicOverlay' in project 'xctest-dynamic-overlay'
        ➜ Explicit dependency on target 'Crypto' in project 'swift-crypto'
        ➜ Explicit dependency on target 'IssueReporting' in project 'xctest-dynamic-overlay'
    Target 'Storage' in project 'Supabase'
        ➜ Explicit dependency on target 'Helpers' in project 'Supabase'
        ➜ Explicit dependency on target 'ConcurrencyExtras' in project 'swift-concurrency-extras'
        ➜ Explicit dependency on target 'HTTPTypes' in project 'swift-http-types'
        ➜ Explicit dependency on target 'Clocks' in project 'swift-clocks'
        ➜ Explicit dependency on target 'XCTestDynamicOverlay' in project 'xctest-dynamic-overlay'
    Target 'Realtime' in project 'Supabase'
        ➜ Explicit dependency on target 'Helpers' in project 'Supabase'
        ➜ Explicit dependency on target 'ConcurrencyExtras' in project 'swift-concurrency-extras'
        ➜ Explicit dependency on target 'HTTPTypes' in project 'swift-http-types'
        ➜ Explicit dependency on target 'Clocks' in project 'swift-clocks'
        ➜ Explicit dependency on target 'XCTestDynamicOverlay' in project 'xctest-dynamic-overlay'
        ➜ Explicit dependency on target 'IssueReporting' in project 'xctest-dynamic-overlay'
    Target 'PostgREST' in project 'Supabase'
        ➜ Explicit dependency on target 'Helpers' in project 'Supabase'
        ➜ Explicit dependency on target 'ConcurrencyExtras' in project 'swift-concurrency-extras'
        ➜ Explicit dependency on target 'HTTPTypes' in project 'swift-http-types'
        ➜ Explicit dependency on target 'Clocks' in project 'swift-clocks'
        ➜ Explicit dependency on target 'XCTestDynamicOverlay' in project 'xctest-dynamic-overlay'
    Target 'Functions' in project 'Supabase'
        ➜ Explicit dependency on target 'Helpers' in project 'Supabase'
        ➜ Explicit dependency on target 'ConcurrencyExtras' in project 'swift-concurrency-extras'
        ➜ Explicit dependency on target 'HTTPTypes' in project 'swift-http-types'
        ➜ Explicit dependency on target 'Clocks' in project 'swift-clocks'
        ➜ Explicit dependency on target 'XCTestDynamicOverlay' in project 'xctest-dynamic-overlay'
    Target 'Auth' in project 'Supabase'
        ➜ Explicit dependency on target 'Helpers' in project 'Supabase'
        ➜ Explicit dependency on target 'ConcurrencyExtras' in project 'swift-concurrency-extras'
        ➜ Explicit dependency on target 'HTTPTypes' in project 'swift-http-types'
        ➜ Explicit dependency on target 'Clocks' in project 'swift-clocks'
        ➜ Explicit dependency on target 'XCTestDynamicOverlay' in project 'xctest-dynamic-overlay'
        ➜ Explicit dependency on target 'Crypto' in project 'swift-crypto'
    Target 'Crypto' in project 'swift-crypto'
        ➜ Explicit dependency on target 'Crypto' in project 'swift-crypto'
        ➜ Explicit dependency on target 'swift-crypto_Crypto' in project 'swift-crypto'
    Target 'Crypto' in project 'swift-crypto'
        ➜ Explicit dependency on target 'swift-crypto_Crypto' in project 'swift-crypto'
    Target 'swift-crypto_Crypto' in project 'swift-crypto' (no dependencies)
    Target 'Helpers' in project 'Supabase'
        ➜ Explicit dependency on target 'ConcurrencyExtras' in project 'swift-concurrency-extras'
        ➜ Explicit dependency on target 'HTTPTypes' in project 'swift-http-types'
        ➜ Explicit dependency on target 'Clocks' in project 'swift-clocks'
        ➜ Explicit dependency on target 'XCTestDynamicOverlay' in project 'xctest-dynamic-overlay'
    Target 'XCTestDynamicOverlay' in project 'xctest-dynamic-overlay'
        ➜ Explicit dependency on target 'XCTestDynamicOverlay' in project 'xctest-dynamic-overlay'
        ➜ Explicit dependency on target 'IssueReportingPackageSupport' in project 'xctest-dynamic-overlay'
        ➜ Explicit dependency on target 'IssueReporting' in project 'xctest-dynamic-overlay'
    Target 'XCTestDynamicOverlay' in project 'xctest-dynamic-overlay'
        ➜ Explicit dependency on target 'IssueReportingPackageSupport' in project 'xctest-dynamic-overlay'
        ➜ Explicit dependency on target 'IssueReporting' in project 'xctest-dynamic-overlay'
    Target 'Clocks' in project 'swift-clocks'
        ➜ Explicit dependency on target 'Clocks' in project 'swift-clocks'
        ➜ Explicit dependency on target 'ConcurrencyExtras' in project 'swift-concurrency-extras'
        ➜ Explicit dependency on target 'IssueReporting' in project 'xctest-dynamic-overlay'
    Target 'Clocks' in project 'swift-clocks'
        ➜ Explicit dependency on target 'ConcurrencyExtras' in project 'swift-concurrency-extras'
        ➜ Explicit dependency on target 'IssueReporting' in project 'xctest-dynamic-overlay'
    Target 'IssueReporting' in project 'xctest-dynamic-overlay'
        ➜ Explicit dependency on target 'IssueReporting' in project 'xctest-dynamic-overlay'
        ➜ Explicit dependency on target 'IssueReportingPackageSupport' in project 'xctest-dynamic-overlay'
    Target 'IssueReporting' in project 'xctest-dynamic-overlay'
        ➜ Explicit dependency on target 'IssueReportingPackageSupport' in project 'xctest-dynamic-overlay'
    Target 'IssueReportingPackageSupport' in project 'xctest-dynamic-overlay' (no dependencies)
    Target 'HTTPTypes' in project 'swift-http-types'
        ➜ Explicit dependency on target 'HTTPTypes' in project 'swift-http-types'
    Target 'HTTPTypes' in project 'swift-http-types' (no dependencies)
    Target 'ConcurrencyExtras' in project 'swift-concurrency-extras'
        ➜ Explicit dependency on target 'ConcurrencyExtras' in project 'swift-concurrency-extras'
    Target 'ConcurrencyExtras' in project 'swift-concurrency-extras' (no dependencies)

GatherProvisioningInputs

CreateBuildDescription

ExecuteExternalTool /Applications/Xcode.app/Contents/Developer/Toolchains/XcodeDefault.xctoolchain/usr/bin/swiftc --version

ExecuteExternalTool /Applications/Xcode.app/Contents/Developer/Toolchains/XcodeDefault.xctoolchain/usr/bin/clang -v -E -dM -isysroot /Applications/Xcode.app/Contents/Developer/Platforms/iPhoneOS.platform/Developer/SDKs/iPhoneOS26.2.sdk -x c -c /dev/null

ExecuteExternalTool /Applications/Xcode.app/Contents/Developer/usr/bin/actool --print-asset-tag-combinations --output-format xml1 /Users/sdc-user/Downloads/ws-iOS-Registry-System/iOS_Registry_System/Assets.xcassets

ExecuteExternalTool /Applications/Xcode.app/Contents/Developer/usr/bin/actool --version --output-format xml1

ExecuteExternalTool /Applications/Xcode.app/Contents/Developer/Toolchains/XcodeDefault.xctoolchain/usr/bin/ld -version_details

ReadFileContents /Applications/Xcode.app/Contents/Developer/Toolchains/XcodeDefault.xctoolchain/usr/share/docc/features.json

Build description signature: 05f69799f0d755615cff3aa2f35ccf5b
Build description path: /Users/sdc-user/Library/Developer/Xcode/DerivedData/iOS_Registry_System-bjttyuvobqldzvbifmquokelecyv/Build/Intermediates.noindex/XCBuildData/05f69799f0d755615cff3aa2f35ccf5b.xcbuilddata
ClangStatCache /Applications/Xcode.app/Contents/Developer/Toolchains/XcodeDefault.xctoolchain/usr/bin/clang-stat-cache /Applications/Xcode.app/Contents/Developer/Platforms/iPhoneOS.platform/Developer/SDKs/iPhoneOS26.2.sdk /Users/sdc-user/Library/Developer/Xcode/DerivedData/SDKStatCaches.noindex/iphoneos26.2-23C53-3794476bd08197c3e2abd9bb477ef7f7.sdkstatcache
    cd /Users/sdc-user/Downloads/ws-iOS-Registry-System/iOS_Registry_System.xcodeproj
    /Applications/Xcode.app/Contents/Developer/Toolchains/XcodeDefault.xctoolchain/usr/bin/clang-stat-cache /Applications/Xcode.app/Contents/Developer/Platforms/iPhoneOS.platform/Developer/SDKs/iPhoneOS26.2.sdk -o /Users/sdc-user/Library/Developer/Xcode/DerivedData/SDKStatCaches.noindex/iphoneos26.2-23C53-3794476bd08197c3e2abd9bb477ef7f7.sdkstatcache

ProcessInfoPlistFile /Users/sdc-user/Library/Developer/Xcode/DerivedData/iOS_Registry_System-bjttyuvobqldzvbifmquokelecyv/Build/Products/Debug-iphoneos/swift-crypto_Crypto.bundle/Info.plist /Users/sdc-user/Library/Developer/Xcode/DerivedData/iOS_Registry_System-bjttyuvobqldzvbifmquokelecyv/Build/Intermediates.noindex/swift-crypto.build/Debug-iphoneos/swift-crypto_Crypto.build/empty-swift-crypto_Crypto.plist (in target 'swift-crypto_Crypto' from project 'swift-crypto')
    cd /Users/sdc-user/Library/Developer/Xcode/DerivedData/iOS_Registry_System-bjttyuvobqldzvbifmquokelecyv/SourcePackages/checkouts/swift-crypto
    builtin-infoPlistUtility /Users/sdc-user/Library/Developer/Xcode/DerivedData/iOS_Registry_System-bjttyuvobqldzvbifmquokelecyv/Build/Intermediates.noindex/swift-crypto.build/Debug-iphoneos/swift-crypto_Crypto.build/empty-swift-crypto_Crypto.plist -producttype com.apple.product-type.bundle -expandbuildsettings -format binary -platform iphoneos -requiredArchitecture arm64 -o /Users/sdc-user/Library/Developer/Xcode/DerivedData/iOS_Registry_System-bjttyuvobqldzvbifmquokelecyv/Build/Products/Debug-iphoneos/swift-crypto_Crypto.bundle/Info.plist

SwiftDriver Auth normal arm64 com.apple.xcode.tools.swift.compiler (in target 'Auth' from project 'Supabase')
    cd /Users/sdc-user/Downloads/ws-iOS-Registry-System/iOS_Registry_System.xcodeproj
    builtin-SwiftDriver -- /Applications/Xcode.app/Contents/Developer/Toolchains/XcodeDefault.xctoolchain/usr/bin/swiftc -module-name Auth -Onone -enforce-exclusivity\=checked @/Users/sdc-user/Library/Developer/Xcode/DerivedData/iOS_Registry_System-bjttyuvobqldzvbifmquokelecyv/Build/Intermediates.noindex/Supabase.build/Debug-iphoneos/Auth.build/Objects-normal/arm64/Auth.SwiftFileList -DSWIFT_PACKAGE -DDEBUG -DSWIFT_MODULE_RESOURCE_BUNDLE_UNAVAILABLE -DXcode -enable-upcoming-feature ExistentialAny -enable-experimental-feature StrictConcurrency -plugin-path /Applications/Xcode.app/Contents/Developer/Toolchains/XcodeDefault.xctoolchain/usr/lib/swift/host/plugins/testing -enable-experimental-feature DebugDescriptionMacro -sdk /Applications/Xcode.app/Contents/Developer/Platforms/iPhoneOS.platform/Developer/SDKs/iPhoneOS26.2.sdk -target arm64-apple-ios13.0 -g -module-cache-path /Users/sdc-user/Library/Developer/Xcode/DerivedData/ModuleCache.noindex -Xfrontend -serialize-debugging-options -enable-testing -suppress-warnings -index-store-path /Users/sdc-user/Library/Developer/Xcode/DerivedData/iOS_Registry_System-bjttyuvobqldzvbifmquokelecyv/Index.noindex/DataStore -Xcc -D_LIBCPP_HARDENING_MODE\=_LIBCPP_HARDENING_MODE_DEBUG -swift-version 5 -I /Users/sdc-user/Library/Developer/Xcode/DerivedData/iOS_Registry_System-bjttyuvobqldzvbifmquokelecyv/Build/Products/Debug-iphoneos -Isystem /Applications/Xcode.app/Contents/Developer/Platforms/iPhoneOS.platform/Developer/usr/lib -F /Users/sdc-user/Library/Developer/Xcode/DerivedData/iOS_Registry_System-bjttyuvobqldzvbifmquokelecyv/Build/Products/Debug-iphoneos/PackageFrameworks -F /Users/sdc-user/Library/Developer/Xcode/DerivedData/iOS_Registry_System-bjttyuvobqldzvbifmquokelecyv/Build/Products/Debug-iphoneos/PackageFrameworks -F /Users/sdc-user/Library/Developer/Xcode/DerivedData/iOS_Registry_System-bjttyuvobqldzvbifmquokelecyv/Build/Products/Debug-iphoneos/PackageFrameworks -F /Users/sdc-user/Library/Developer/Xcode/DerivedData/iOS_Registry_System-bjttyuvobqldzvbifmquokelecyv/Build/Products/Debug-iphoneos/PackageFrameworks -F /Users/sdc-user/Library/Developer/Xcode/DerivedData/iOS_Registry_System-bjttyuvobqldzvbifmquokelecyv/Build/Products/Debug-iphoneos/PackageFrameworks -F /Users/sdc-user/Library/Developer/Xcode/DerivedData/iOS_Registry_System-bjttyuvobqldzvbifmquokelecyv/Build/Products/Debug-iphoneos/PackageFrameworks -F /Users/sdc-user/Library/Developer/Xcode/DerivedData/iOS_Registry_System-bjttyuvobqldzvbifmquokelecyv/Build/Products/Debug-iphoneos/PackageFrameworks -F /Users/sdc-user/Library/Developer/Xcode/DerivedData/iOS_Registry_System-bjttyuvobqldzvbifmquokelecyv/Build/Products/Debug-iphoneos/PackageFrameworks -F /Users/sdc-user/Library/Developer/Xcode/DerivedData/iOS_Registry_System-bjttyuvobqldzvbifmquokelecyv/Build/Products/Debug-iphoneos -F /Applications/Xcode.app/Contents/Developer/Platforms/iPhoneOS.platform/Developer/Library/Frameworks -F /Applications/Xcode.app/Contents/Developer/Platforms/iPhoneOS.platform/Developer/SDKs/iPhoneOS26.2.sdk/Developer/Library/Frameworks -c -j8 -enable-batch-mode -incremental -Xcc -ivfsstatcache -Xcc /Users/sdc-user/Library/Developer/Xcode/DerivedData/SDKStatCaches.noindex/iphoneos26.2-23C53-3794476bd08197c3e2abd9bb477ef7f7.sdkstatcache -output-file-map /Users/sdc-user/Library/Developer/Xcode/DerivedData/iOS_Registry_System-bjttyuvobqldzvbifmquokelecyv/Build/Intermediates.noindex/Supabase.build/Debug-iphoneos/Auth.build/Objects-normal/arm64/Auth-OutputFileMap.json -use-frontend-parseable-output -save-temps -no-color-diagnostics -explicit-module-build -module-cache-path /Users/sdc-user/Library/Developer/Xcode/DerivedData/iOS_Registry_System-bjttyuvobqldzvbifmquokelecyv/Build/Intermediates.noindex/SwiftExplicitPrecompiledModules -clang-scanner-module-cache-path /Users/sdc-user/Library/Developer/Xcode/DerivedData/ModuleCache.noindex -sdk-module-cache-path /Users/sdc-user/Library/Developer/Xcode/DerivedData/ModuleCache.noindex -serialize-diagnostics -emit-dependencies -emit-module -emit-module-path /Users/sdc-user/Library/Developer/Xcode/DerivedData/iOS_Registry_System-bjttyuvobqldzvbifmquokelecyv/Build/Intermediates.noindex/Supabase.build/Debug-iphoneos/Auth.build/Objects-normal/arm64/Auth.swiftmodule -validate-clang-modules-once -clang-build-session-file /Users/sdc-user/Library/Developer/Xcode/DerivedData/ModuleCache.noindex/Session.modulevalidation -package-name supabase_swift -Xcc -I/Users/sdc-user/Library/Developer/Xcode/DerivedData/iOS_Registry_System-bjttyuvobqldzvbifmquokelecyv/Build/Intermediates.noindex/Supabase.build/Debug-iphoneos/Auth.build/swift-overrides.hmap -emit-const-values -Xfrontend -const-gather-protocols-file -Xfrontend /Users/sdc-user/Library/Developer/Xcode/DerivedData/iOS_Registry_System-bjttyuvobqldzvbifmquokelecyv/Build/Intermediates.noindex/Supabase.build/Debug-iphoneos/Auth.build/Objects-normal/arm64/Auth_const_extract_protocols.json -Xcc -I/Users/sdc-user/Library/Developer/Xcode/DerivedData/iOS_Registry_System-bjttyuvobqldzvbifmquokelecyv/Build/Products/Debug-iphoneos/include -Xcc -I/Users/sdc-user/Library/Developer/Xcode/DerivedData/iOS_Registry_System-bjttyuvobqldzvbifmquokelecyv/Build/Intermediates.noindex/Supabase.build/Debug-iphoneos/Auth.build/DerivedSources-normal/arm64 -Xcc -I/Users/sdc-user/Library/Developer/Xcode/DerivedData/iOS_Registry_System-bjttyuvobqldzvbifmquokelecyv/Build/Intermediates.noindex/Supabase.build/Debug-iphoneos/Auth.build/DerivedSources/arm64 -Xcc -I/Users/sdc-user/Library/Developer/Xcode/DerivedData/iOS_Registry_System-bjttyuvobqldzvbifmquokelecyv/Build/Intermediates.noindex/Supabase.build/Debug-iphoneos/Auth.build/DerivedSources -Xcc -DSWIFT_PACKAGE -Xcc -DDEBUG\=1 -emit-objc-header -emit-objc-header-path /Users/sdc-user/Library/Developer/Xcode/DerivedData/iOS_Registry_System-bjttyuvobqldzvbifmquokelecyv/Build/Intermediates.noindex/Supabase.build/Debug-iphoneos/Auth.build/Objects-normal/arm64/Auth-Swift.h -working-directory /Users/sdc-user/Downloads/ws-iOS-Registry-System/iOS_Registry_System.xcodeproj -experimental-emit-module-separately -disable-cmo
/Users/sdc-user/Downloads/ws-iOS-Registry-System/iOS_Registry_System/Views/Auth/AuthLandingView.swift:85:1: error: expected '}' in struct

^
/Users/sdc-user/Downloads/ws-iOS-Registry-System/iOS_Registry_System/Views/Auth/AuthLandingView.swift:12:30: note: to match this opening '{'
struct AuthLandingView: View {
                             ^

SwiftDriver iOS_Registry_System normal arm64 com.apple.xcode.tools.swift.compiler (in target 'iOS_Registry_System' from project 'iOS_Registry_System')
    cd /Users/sdc-user/Downloads/ws-iOS-Registry-System
    builtin-SwiftDriver -- /Applications/Xcode.app/Contents/Developer/Toolchains/XcodeDefault.xctoolchain/usr/bin/swiftc -module-name iOS_Registry_System -Onone -enforce-exclusivity\=checked @/Users/sdc-user/Library/Developer/Xcode/DerivedData/iOS_Registry_System-bjttyuvobqldzvbifmquokelecyv/Build/Intermediates.noindex/iOS_Registry_System.build/Debug-iphoneos/iOS_Registry_System.build/Objects-normal/arm64/iOS_Registry_System.SwiftFileList -DDEBUG -default-isolation\=MainActor -enable-bare-slash-regex -enable-upcoming-feature DisableOutwardActorInference -enable-upcoming-feature InferSendableFromCaptures -enable-upcoming-feature GlobalActorIsolatedTypesUsability -enable-upcoming-feature MemberImportVisibility -enable-upcoming-feature InferIsolatedConformances -enable-upcoming-feature NonisolatedNonsendingByDefault -enable-experimental-feature DebugDescriptionMacro -sdk /Applications/Xcode.app/Contents/Developer/Platforms/iPhoneOS.platform/Developer/SDKs/iPhoneOS26.2.sdk -target arm64-apple-ios26.0 -g -module-cache-path /Users/sdc-user/Library/Developer/Xcode/DerivedData/ModuleCache.noindex -Xfrontend -serialize-debugging-options -enable-testing -index-store-path /Users/sdc-user/Library/Developer/Xcode/DerivedData/iOS_Registry_System-bjttyuvobqldzvbifmquokelecyv/Index.noindex/DataStore -Xcc -D_LIBCPP_HARDENING_MODE\=_LIBCPP_HARDENING_MODE_DEBUG -swift-version 5 -I /Users/sdc-user/Library/Developer/Xcode/DerivedData/iOS_Registry_System-bjttyuvobqldzvbifmquokelecyv/Build/Products/Debug-iphoneos -F /Users/sdc-user/Library/Developer/Xcode/DerivedData/iOS_Registry_System-bjttyuvobqldzvbifmquokelecyv/Build/Products/Debug-iphoneos/PackageFrameworks -F /Users/sdc-user/Library/Developer/Xcode/DerivedData/iOS_Registry_System-bjttyuvobqldzvbifmquokelecyv/Build/Products/Debug-iphoneos/PackageFrameworks -F /Users/sdc-user/Library/Developer/Xcode/DerivedData/iOS_Registry_System-bjttyuvobqldzvbifmquokelecyv/Build/Products/Debug-iphoneos/PackageFrameworks -F /Users/sdc-user/Library/Developer/Xcode/DerivedData/iOS_Registry_System-bjttyuvobqldzvbifmquokelecyv/Build/Products/Debug-iphoneos/PackageFrameworks -F /Users/sdc-user/Library/Developer/Xcode/DerivedData/iOS_Registry_System-bjttyuvobqldzvbifmquokelecyv/Build/Products/Debug-iphoneos/PackageFrameworks -F /Users/sdc-user/Library/Developer/Xcode/DerivedData/iOS_Registry_System-bjttyuvobqldzvbifmquokelecyv/Build/Products/Debug-iphoneos/PackageFrameworks -F /Users/sdc-user/Library/Developer/Xcode/DerivedData/iOS_Registry_System-bjttyuvobqldzvbifmquokelecyv/Build/Products/Debug-iphoneos/PackageFrameworks -F /Users/sdc-user/Library/Developer/Xcode/DerivedData/iOS_Registry_System-bjttyuvobqldzvbifmquokelecyv/Build/Products/Debug-iphoneos/PackageFrameworks -F /Users/sdc-user/Library/Developer/Xcode/DerivedData/iOS_Registry_System-bjttyuvobqldzvbifmquokelecyv/Build/Products/Debug-iphoneos/PackageFrameworks -F /Users/sdc-user/Library/Developer/Xcode/DerivedData/iOS_Registry_System-bjttyuvobqldzvbifmquokelecyv/Build/Products/Debug-iphoneos/PackageFrameworks -F /Users/sdc-user/Library/Developer/Xcode/DerivedData/iOS_Registry_System-bjttyuvobqldzvbifmquokelecyv/Build/Products/Debug-iphoneos/PackageFrameworks -F /Users/sdc-user/Library/Developer/Xcode/DerivedData/iOS_Registry_System-bjttyuvobqldzvbifmquokelecyv/Build/Products/Debug-iphoneos/PackageFrameworks -F /Users/sdc-user/Library/Developer/Xcode/DerivedData/iOS_Registry_System-bjttyuvobqldzvbifmquokelecyv/Build/Products/Debug-iphoneos/PackageFrameworks -F /Users/sdc-user/Library/Developer/Xcode/DerivedData/iOS_Registry_System-bjttyuvobqldzvbifmquokelecyv/Build/Products/Debug-iphoneos/PackageFrameworks -F /Users/sdc-user/Library/Developer/Xcode/DerivedData/iOS_Registry_System-bjttyuvobqldzvbifmquokelecyv/Build/Products/Debug-iphoneos -emit-localized-strings -emit-localized-strings-path /Users/sdc-user/Library/Developer/Xcode/DerivedData/iOS_Registry_System-bjttyuvobqldzvbifmquokelecyv/Build/Intermediates.noindex/iOS_Registry_System.build/Debug-iphoneos/iOS_Registry_System.build/Objects-normal/arm64 -c -j8 -enable-batch-mode -incremental -Xcc -ivfsstatcache -Xcc /Users/sdc-user/Library/Developer/Xcode/DerivedData/SDKStatCaches.noindex/iphoneos26.2-23C53-3794476bd08197c3e2abd9bb477ef7f7.sdkstatcache -output-file-map /Users/sdc-user/Library/Developer/Xcode/DerivedData/iOS_Registry_System-bjttyuvobqldzvbifmquokelecyv/Build/Intermediates.noindex/iOS_Registry_System.build/Debug-iphoneos/iOS_Registry_System.build/Objects-normal/arm64/iOS_Registry_System-OutputFileMap.json -use-frontend-parseable-output -save-temps -no-color-diagnostics -explicit-module-build -module-cache-path /Users/sdc-user/Library/Developer/Xcode/DerivedData/iOS_Registry_System-bjttyuvobqldzvbifmquokelecyv/Build/Intermediates.noindex/SwiftExplicitPrecompiledModules -clang-scanner-module-cache-path /Users/sdc-user/Library/Developer/Xcode/DerivedData/ModuleCache.noindex -sdk-module-cache-path /Users/sdc-user/Library/Developer/Xcode/DerivedData/ModuleCache.noindex -serialize-diagnostics -emit-dependencies -emit-module -emit-module-path /Users/sdc-user/Library/Developer/Xcode/DerivedData/iOS_Registry_System-bjttyuvobqldzvbifmquokelecyv/Build/Intermediates.noindex/iOS_Registry_System.build/Debug-iphoneos/iOS_Registry_System.build/Objects-normal/arm64/iOS_Registry_System.swiftmodule -validate-clang-modules-once -clang-build-session-file /Users/sdc-user/Library/Developer/Xcode/DerivedData/ModuleCache.noindex/Session.modulevalidation -Xcc -I/Users/sdc-user/Library/Developer/Xcode/DerivedData/iOS_Registry_System-bjttyuvobqldzvbifmquokelecyv/Build/Intermediates.noindex/iOS_Registry_System.build/Debug-iphoneos/iOS_Registry_System.build/swift-overrides.hmap -emit-const-values -Xfrontend -const-gather-protocols-file -Xfrontend /Users/sdc-user/Library/Developer/Xcode/DerivedData/iOS_Registry_System-bjttyuvobqldzvbifmquokelecyv/Build/Intermediates.noindex/iOS_Registry_System.build/Debug-iphoneos/iOS_Registry_System.build/Objects-normal/arm64/iOS_Registry_System_const_extract_protocols.json -Xcc -iquote -Xcc /Users/sdc-user/Library/Developer/Xcode/DerivedData/iOS_Registry_System-bjttyuvobqldzvbifmquokelecyv/Build/Intermediates.noindex/iOS_Registry_System.build/Debug-iphoneos/iOS_Registry_System.build/iOS_Registry_System-generated-files.hmap -Xcc -I/Users/sdc-user/Library/Developer/Xcode/DerivedData/iOS_Registry_System-bjttyuvobqldzvbifmquokelecyv/Build/Intermediates.noindex/iOS_Registry_System.build/Debug-iphoneos/iOS_Registry_System.build/iOS_Registry_System-own-target-headers.hmap -Xcc -I/Users/sdc-user/Library/Developer/Xcode/DerivedData/iOS_Registry_System-bjttyuvobqldzvbifmquokelecyv/Build/Intermediates.noindex/iOS_Registry_System.build/Debug-iphoneos/iOS_Registry_System.build/iOS_Registry_System-all-non-framework-target-headers.hmap -Xcc -ivfsoverlay -Xcc /Users/sdc-user/Library/Developer/Xcode/DerivedData/iOS_Registry_System-bjttyuvobqldzvbifmquokelecyv/Build/Intermediates.noindex/iOS_Registry_System.build/Debug-iphoneos/iOS_Registry_System-d5392c08a191927f742b6731cef053ff-VFS-iphoneos/all-product-headers.yaml -Xcc -iquote -Xcc /Users/sdc-user/Library/Developer/Xcode/DerivedData/iOS_Registry_System-bjttyuvobqldzvbifmquokelecyv/Build/Intermediates.noindex/iOS_Registry_System.build/Debug-iphoneos/iOS_Registry_System.build/iOS_Registry_System-project-headers.hmap -Xcc -I/Users/sdc-user/Library/Developer/Xcode/DerivedData/iOS_Registry_System-bjttyuvobqldzvbifmquokelecyv/Build/Products/Debug-iphoneos/include -Xcc -I/Users/sdc-user/Library/Developer/Xcode/DerivedData/iOS_Registry_System-bjttyuvobqldzvbifmquokelecyv/Build/Intermediates.noindex/iOS_Registry_System.build/Debug-iphoneos/iOS_Registry_System.build/DerivedSources-normal/arm64 -Xcc -I/Users/sdc-user/Library/Developer/Xcode/DerivedData/iOS_Registry_System-bjttyuvobqldzvbifmquokelecyv/Build/Intermediates.noindex/iOS_Registry_System.build/Debug-iphoneos/iOS_Registry_System.build/DerivedSources/arm64 -Xcc -I/Users/sdc-user/Library/Developer/Xcode/DerivedData/iOS_Registry_System-bjttyuvobqldzvbifmquokelecyv/Build/Intermediates.noindex/iOS_Registry_System.build/Debug-iphoneos/iOS_Registry_System.build/DerivedSources -Xcc -DDEBUG\=1 -emit-objc-header -emit-objc-header-path /Users/sdc-user/Library/Developer/Xcode/DerivedData/iOS_Registry_System-bjttyuvobqldzvbifmquokelecyv/Build/Intermediates.noindex/iOS_Registry_System.build/Debug-iphoneos/iOS_Registry_System.build/Objects-normal/arm64/iOS_Registry_System-Swift.h -working-directory /Users/sdc-user/Downloads/ws-iOS-Registry-System -experimental-emit-module-separately -disable-cmo
/Users/sdc-user/Downloads/ws-iOS-Registry-System/iOS_Registry_System/Views/Auth/AuthLandingView.swift:85:1: error: Expected '}' in struct

^ (in target 'iOS_Registry_System' from project 'iOS_Registry_System')
/Users/sdc-user/Downloads/ws-iOS-Registry-System/iOS_Registry_System/Views/Auth/AuthLandingView.swift:12:30: note: To match this opening '{'
struct AuthLandingView: View {
                             ^ (in target 'iOS_Registry_System' from project 'iOS_Registry_System')

CompileAssetCatalogVariant thinned /Users/sdc-user/Library/Developer/Xcode/DerivedData/iOS_Registry_System-bjttyuvobqldzvbifmquokelecyv/Build/Products/Debug-iphoneos/iOS_Registry_System.app /Users/sdc-user/Downloads/ws-iOS-Registry-System/iOS_Registry_System/Assets.xcassets (in target 'iOS_Registry_System' from project 'iOS_Registry_System')
    cd /Users/sdc-user/Downloads/ws-iOS-Registry-System
    /Applications/Xcode.app/Contents/Developer/usr/bin/actool /Users/sdc-user/Downloads/ws-iOS-Registry-System/iOS_Registry_System/Assets.xcassets --compile /Users/sdc-user/Library/Developer/Xcode/DerivedData/iOS_Registry_System-bjttyuvobqldzvbifmquokelecyv/Build/Intermediates.noindex/iOS_Registry_System.build/Debug-iphoneos/iOS_Registry_System.build/assetcatalog_output/thinned --output-format human-readable-text --notices --warnings --export-dependency-info /Users/sdc-user/Library/Developer/Xcode/DerivedData/iOS_Registry_System-bjttyuvobqldzvbifmquokelecyv/Build/Intermediates.noindex/iOS_Registry_System.build/Debug-iphoneos/iOS_Registry_System.build/assetcatalog_dependencies_thinned --output-partial-info-plist /Users/sdc-user/Library/Developer/Xcode/DerivedData/iOS_Registry_System-bjttyuvobqldzvbifmquokelecyv/Build/Intermediates.noindex/iOS_Registry_System.build/Debug-iphoneos/iOS_Registry_System.build/assetcatalog_generated_info.plist_thinned --app-icon AppIcon --accent-color AccentColor --compress-pngs --enable-on-demand-resources YES --filter-for-thinning-device-configuration MacFamily20,1 --filter-for-device-os-version 26.4 --development-region en --target-device iphone --target-device ipad --minimum-deployment-target 26.0 --platform iphoneos
/* com.apple.actool.compilation-results */
/Users/sdc-user/Library/Developer/Xcode/DerivedData/iOS_Registry_System-bjttyuvobqldzvbifmquokelecyv/Build/Intermediates.noindex/iOS_Registry_System.build/Debug-iphoneos/iOS_Registry_System.build/assetcatalog_generated_info.plist_thinned


LinkAssetCatalog /Users/sdc-user/Downloads/ws-iOS-Registry-System/iOS_Registry_System/Assets.xcassets (in target 'iOS_Registry_System' from project 'iOS_Registry_System')
    cd /Users/sdc-user/Downloads/ws-iOS-Registry-System
    builtin-linkAssetCatalog --thinned /Users/sdc-user/Library/Developer/Xcode/DerivedData/iOS_Registry_System-bjttyuvobqldzvbifmquokelecyv/Build/Intermediates.noindex/iOS_Registry_System.build/Debug-iphoneos/iOS_Registry_System.build/assetcatalog_output/thinned --thinned-dependencies /Users/sdc-user/Library/Developer/Xcode/DerivedData/iOS_Registry_System-bjttyuvobqldzvbifmquokelecyv/Build/Intermediates.noindex/iOS_Registry_System.build/Debug-iphoneos/iOS_Registry_System.build/assetcatalog_dependencies_thinned --thinned-info-plist-content /Users/sdc-user/Library/Developer/Xcode/DerivedData/iOS_Registry_System-bjttyuvobqldzvbifmquokelecyv/Build/Intermediates.noindex/iOS_Registry_System.build/Debug-iphoneos/iOS_Registry_System.build/assetcatalog_generated_info.plist_thinned --unthinned /Users/sdc-user/Library/Developer/Xcode/DerivedData/iOS_Registry_System-bjttyuvobqldzvbifmquokelecyv/Build/Intermediates.noindex/iOS_Registry_System.build/Debug-iphoneos/iOS_Registry_System.build/assetcatalog_output/unthinned --unthinned-dependencies /Users/sdc-user/Library/Developer/Xcode/DerivedData/iOS_Registry_System-bjttyuvobqldzvbifmquokelecyv/Build/Intermediates.noindex/iOS_Registry_System.build/Debug-iphoneos/iOS_Registry_System.build/assetcatalog_dependencies_unthinned --unthinned-info-plist-content /Users/sdc-user/Library/Developer/Xcode/DerivedData/iOS_Registry_System-bjttyuvobqldzvbifmquokelecyv/Build/Intermediates.noindex/iOS_Registry_System.build/Debug-iphoneos/iOS_Registry_System.build/assetcatalog_generated_info.plist_unthinned --output /Users/sdc-user/Library/Developer/Xcode/DerivedData/iOS_Registry_System-bjttyuvobqldzvbifmquokelecyv/Build/Products/Debug-iphoneos/iOS_Registry_System.app --plist-output /Users/sdc-user/Library/Developer/Xcode/DerivedData/iOS_Registry_System-bjttyuvobqldzvbifmquokelecyv/Build/Intermediates.noindex/iOS_Registry_System.build/Debug-iphoneos/iOS_Registry_System.build/assetcatalog_generated_info.plist

SwiftCompile normal arm64 Compiling\ AuthAdminOAuth.swift /Users/sdc-user/Library/Developer/Xcode/DerivedData/iOS_Registry_System-bjttyuvobqldzvbifmquokelecyv/SourcePackages/checkouts/supabase-swift/Sources/Auth/AuthAdminOAuth.swift (in target 'Auth' from project 'Supabase')

SwiftCompile normal arm64 Compiling\ AuthAdmin.swift /Users/sdc-user/Library/Developer/Xcode/DerivedData/iOS_Registry_System-bjttyuvobqldzvbifmquokelecyv/SourcePackages/checkouts/supabase-swift/Sources/Auth/AuthAdmin.swift (in target 'Auth' from project 'Supabase')

SwiftEmitModule normal arm64 Emitting\ module\ for\ Auth (in target 'Auth' from project 'Supabase')

SwiftCompile normal arm64 Compiling\ WinCredLocalStorage.swift /Users/sdc-user/Library/Developer/Xcode/DerivedData/iOS_Registry_System-bjttyuvobqldzvbifmquokelecyv/SourcePackages/checkouts/supabase-swift/Sources/Auth/Storage/WinCredLocalStorage.swift (in target 'Auth' from project 'Supabase')

SwiftCompile normal arm64 Compiling\ Types.swift /Users/sdc-user/Library/Developer/Xcode/DerivedData/iOS_Registry_System-bjttyuvobqldzvbifmquokelecyv/SourcePackages/checkouts/supabase-swift/Sources/Auth/Types.swift (in target 'Auth' from project 'Supabase')

SwiftCompile normal arm64 Compiling\ AuthClient.swift /Users/sdc-user/Library/Developer/Xcode/DerivedData/iOS_Registry_System-bjttyuvobqldzvbifmquokelecyv/SourcePackages/checkouts/supabase-swift/Sources/Auth/AuthClient.swift (in target 'Auth' from project 'Supabase')

SwiftCompile normal arm64 Compiling\ AuthClientConfiguration.swift /Users/sdc-user/Library/Developer/Xcode/DerivedData/iOS_Registry_System-bjttyuvobqldzvbifmquokelecyv/SourcePackages/checkouts/supabase-swift/Sources/Auth/AuthClientConfiguration.swift (in target 'Auth' from project 'Supabase')

SwiftCompile normal arm64 Compiling\ KeychainLocalStorage.swift /Users/sdc-user/Library/Developer/Xcode/DerivedData/iOS_Registry_System-bjttyuvobqldzvbifmquokelecyv/SourcePackages/checkouts/supabase-swift/Sources/Auth/Storage/KeychainLocalStorage.swift (in target 'Auth' from project 'Supabase')

** BUILD FAILED **


The following build commands failed:
	SwiftDriver iOS_Registry_System normal arm64 com.apple.xcode.tools.swift.compiler (in target 'iOS_Registry_System' from project 'iOS_Registry_System')
	Building project iOS_Registry_System with scheme iOS_Registry_System
(2 failures)
